{"/Users/virginiamesa/Documents/my_career/react-hooks/src/09-useContext/LoginPage.jsx": {"path":"/Users/virginiamesa/Documents/my_career/react-hooks/src/09-useContext/LoginPage.jsx","statementMap":{"0":{"start":{"line":5,"column":25},"end":{"line":28,"column":3}},"1":{"start":{"line":7,"column":30},"end":{"line":7,"column":55}},"2":{"start":{"line":9,"column":4},"end":{"line":27,"column":5}},"3":{"start":{"line":21,"column":28},"end":{"line":21,"column":88}}},"fnMap":{"0":{"name":"(anonymous_0)","decl":{"start":{"line":5,"column":25},"end":{"line":5,"column":26}},"loc":{"start":{"line":5,"column":31},"end":{"line":28,"column":3}},"line":5},"1":{"name":"(anonymous_1)","decl":{"start":{"line":21,"column":22},"end":{"line":21,"column":23}},"loc":{"start":{"line":21,"column":28},"end":{"line":21,"column":88}},"line":21}},"branchMap":{},"s":{"0":1,"1":2,"2":2,"3":1},"f":{"0":2,"1":1},"b":{},"_coverageSchema":"1a1c01bbd47fc00a2c39e90264f33305004495a9","hash":"02f0204a6634850710099e4c7276ef98c817ce85"}
,"/Users/virginiamesa/Documents/my_career/react-hooks/src/09-useContext/context/UserContext.jsx": {"path":"/Users/virginiamesa/Documents/my_career/react-hooks/src/09-useContext/context/UserContext.jsx","statementMap":{"0":{"start":{"line":3,"column":27},"end":{"line":3,"column":42}}},"fnMap":{},"branchMap":{},"s":{"0":1},"f":{},"b":{},"_coverageSchema":"1a1c01bbd47fc00a2c39e90264f33305004495a9","hash":"03ed8d6ad4e5ecaf1501f4ae6d916b95d98ef740"}
}
