<?xml version="1.0" encoding="UTF-8"?>
<coverage generated="1708861191072" clover="3.2.0">
  <project timestamp="1708861191072" name="All files">
    <metrics statements="43" coveredstatements="30" conditionals="15" coveredconditionals="9" methods="17" coveredmethods="7" elements="75" coveredelements="46" complexity="0" loc="43" ncloc="43" packages="5" files="10" classes="10"/>
    <package name="heroes.components">
      <metrics statements="9" coveredstatements="6" conditionals="2" coveredconditionals="1" methods="5" coveredmethods="2"/>
      <file name="HeroCard.jsx" path="/Users/virginiamesa/Documents/my_career/testing-fe/testing-heroes/src/heroes/components/HeroCard.jsx">
        <metrics statements="5" coveredstatements="5" conditionals="2" coveredconditionals="1" methods="2" coveredmethods="2"/>
        <line num="3" count="1" type="stmt"/>
        <line num="6" count="1" type="cond" truecount="1" falsecount="1"/>
        <line num="12" count="1" type="stmt"/>
        <line num="21" count="1" type="stmt"/>
        <line num="26" count="1" type="stmt"/>
      </file>
      <file name="HeroList.jsx" path="/Users/virginiamesa/Documents/my_career/testing-fe/testing-heroes/src/heroes/components/HeroList.jsx">
        <metrics statements="4" coveredstatements="1" conditionals="0" coveredconditionals="0" methods="3" coveredmethods="0"/>
        <line num="6" count="1" type="stmt"/>
        <line num="8" count="0" type="stmt"/>
        <line num="10" count="0" type="stmt"/>
        <line num="14" count="0" type="stmt"/>
      </file>
      <file name="index.js" path="/Users/virginiamesa/Documents/my_career/testing-fe/testing-heroes/src/heroes/components/index.js">
        <metrics statements="0" coveredstatements="0" conditionals="0" coveredconditionals="0" methods="0" coveredmethods="0"/>
      </file>
    </package>
    <package name="heroes.data">
      <metrics statements="1" coveredstatements="1" conditionals="0" coveredconditionals="0" methods="0" coveredmethods="0"/>
      <file name="heroes.js" path="/Users/virginiamesa/Documents/my_career/testing-fe/testing-heroes/src/heroes/data/heroes.js">
        <metrics statements="1" coveredstatements="1" conditionals="0" coveredconditionals="0" methods="0" coveredmethods="0"/>
        <line num="1" count="1" type="stmt"/>
      </file>
    </package>
    <package name="heroes.helpers">
      <metrics statements="12" coveredstatements="7" conditionals="5" coveredconditionals="2" methods="6" coveredmethods="2"/>
      <file name="getHeroById.js" path="/Users/virginiamesa/Documents/my_career/testing-fe/testing-heroes/src/heroes/helpers/getHeroById.js">
        <metrics statements="2" coveredstatements="1" conditionals="0" coveredconditionals="0" methods="2" coveredmethods="0"/>
        <line num="4" count="1" type="stmt"/>
        <line num="6" count="0" type="stmt"/>
      </file>
      <file name="getHeroesByName.js" path="/Users/virginiamesa/Documents/my_career/testing-fe/testing-heroes/src/heroes/helpers/getHeroesByName.js">
        <metrics statements="5" coveredstatements="5" conditionals="3" coveredconditionals="2" methods="2" coveredmethods="2"/>
        <line num="4" count="1" type="cond" truecount="0" falsecount="1"/>
        <line num="6" count="2" type="stmt"/>
        <line num="8" count="2" type="cond" truecount="2" falsecount="0"/>
        <line num="10" count="1" type="stmt"/>
        <line num="11" count="20" type="stmt"/>
      </file>
      <file name="getHeroesByPublisher.js" path="/Users/virginiamesa/Documents/my_career/testing-fe/testing-heroes/src/heroes/helpers/getHeroesByPublisher.js">
        <metrics statements="5" coveredstatements="1" conditionals="2" coveredconditionals="0" methods="2" coveredmethods="0"/>
        <line num="4" count="1" type="stmt"/>
        <line num="6" count="0" type="stmt"/>
        <line num="7" count="0" type="cond" truecount="0" falsecount="2"/>
        <line num="8" count="0" type="stmt"/>
        <line num="11" count="0" type="stmt"/>
      </file>
      <file name="index.js" path="/Users/virginiamesa/Documents/my_career/testing-fe/testing-heroes/src/heroes/helpers/index.js">
        <metrics statements="0" coveredstatements="0" conditionals="0" coveredconditionals="0" methods="0" coveredmethods="0"/>
      </file>
    </package>
    <package name="heroes.pages">
      <metrics statements="13" coveredstatements="11" conditionals="7" coveredconditionals="6" methods="3" coveredmethods="2"/>
      <file name="SearchPage.jsx" path="/Users/virginiamesa/Documents/my_career/testing-fe/testing-heroes/src/heroes/pages/SearchPage.jsx">
        <metrics statements="13" coveredstatements="11" conditionals="7" coveredconditionals="6" methods="3" coveredmethods="2"/>
        <line num="8" count="1" type="stmt"/>
        <line num="10" count="2" type="stmt"/>
        <line num="11" count="2" type="stmt"/>
        <line num="13" count="2" type="cond" truecount="1" falsecount="0"/>
        <line num="14" count="2" type="stmt"/>
        <line num="16" count="2" type="stmt"/>
        <line num="17" count="2" type="cond" truecount="2" falsecount="0"/>
        <line num="20" count="2" type="stmt"/>
        <line num="26" count="2" type="stmt"/>
        <line num="27" count="0" type="stmt"/>
        <line num="30" count="0" type="stmt"/>
        <line num="34" count="2" type="stmt"/>
        <line num="85" count="1" type="stmt"/>
      </file>
    </package>
    <package name="hooks">
      <metrics statements="8" coveredstatements="5" conditionals="1" coveredconditionals="0" methods="3" coveredmethods="1"/>
      <file name="useForm.js" path="/Users/virginiamesa/Documents/my_career/testing-fe/testing-heroes/src/hooks/useForm.js">
        <metrics statements="8" coveredstatements="5" conditionals="1" coveredconditionals="0" methods="3" coveredmethods="1"/>
        <line num="3" count="1" type="cond" truecount="0" falsecount="1"/>
        <line num="5" count="2" type="stmt"/>
        <line num="7" count="2" type="stmt"/>
        <line num="8" count="0" type="stmt"/>
        <line num="9" count="0" type="stmt"/>
        <line num="15" count="2" type="stmt"/>
        <line num="16" count="0" type="stmt"/>
        <line num="19" count="2" type="stmt"/>
      </file>
    </package>
  </project>
</coverage>
