{"/Users/virginiamesa/Documents/my_career/testing-fe/testing-heroes/src/auth/index.js": {"path":"/Users/virginiamesa/Documents/my_career/testing-fe/testing-heroes/src/auth/index.js","statementMap":{},"fnMap":{},"branchMap":{},"s":{},"f":{},"b":{},"_coverageSchema":"1a1c01bbd47fc00a2c39e90264f33305004495a9","hash":"4a0a072c152628dd97b1a209760bce55d87c4372"}
,"/Users/virginiamesa/Documents/my_career/testing-fe/testing-heroes/src/auth/context/AuthContext.jsx": {"path":"/Users/virginiamesa/Documents/my_career/testing-fe/testing-heroes/src/auth/context/AuthContext.jsx","statementMap":{"0":{"start":{"line":4,"column":27},"end":{"line":4,"column":42}}},"fnMap":{},"branchMap":{},"s":{"0":1},"f":{},"b":{},"_coverageSchema":"1a1c01bbd47fc00a2c39e90264f33305004495a9","hash":"50d349b2ebd5f5e9aa6f75510a63de0d15cbc54f"}
,"/Users/virginiamesa/Documents/my_career/testing-fe/testing-heroes/src/auth/context/AuthProvider.jsx": {"path":"/Users/virginiamesa/Documents/my_career/testing-fe/testing-heroes/src/auth/context/AuthProvider.jsx","statementMap":{"0":{"start":{"line":11,"column":13},"end":{"line":18,"column":1}},"1":{"start":{"line":12,"column":15},"end":{"line":12,"column":57}},"2":{"start":{"line":14,"column":2},"end":{"line":17,"column":3}},"3":{"start":{"line":21,"column":28},"end":{"line":53,"column":1}},"4":{"start":{"line":23,"column":34},"end":{"line":23,"column":69}},"5":{"start":{"line":25,"column":16},"end":{"line":33,"column":3}},"6":{"start":{"line":27,"column":17},"end":{"line":27,"column":36}},"7":{"start":{"line":28,"column":19},"end":{"line":28,"column":55}},"8":{"start":{"line":30,"column":4},"end":{"line":30,"column":58}},"9":{"start":{"line":32,"column":4},"end":{"line":32,"column":21}},"10":{"start":{"line":35,"column":17},"end":{"line":39,"column":3}},"11":{"start":{"line":36,"column":4},"end":{"line":36,"column":36}},"12":{"start":{"line":37,"column":19},"end":{"line":37,"column":41}},"13":{"start":{"line":38,"column":4},"end":{"line":38,"column":21}},"14":{"start":{"line":42,"column":2},"end":{"line":52,"column":4}}},"fnMap":{"0":{"name":"(anonymous_0)","decl":{"start":{"line":11,"column":13},"end":{"line":11,"column":14}},"loc":{"start":{"line":11,"column":19},"end":{"line":18,"column":1}},"line":11},"1":{"name":"(anonymous_1)","decl":{"start":{"line":21,"column":28},"end":{"line":21,"column":29}},"loc":{"start":{"line":21,"column":46},"end":{"line":53,"column":1}},"line":21},"2":{"name":"(anonymous_2)","decl":{"start":{"line":25,"column":16},"end":{"line":25,"column":17}},"loc":{"start":{"line":25,"column":33},"end":{"line":33,"column":3}},"line":25},"3":{"name":"(anonymous_3)","decl":{"start":{"line":35,"column":17},"end":{"line":35,"column":18}},"loc":{"start":{"line":35,"column":23},"end":{"line":39,"column":3}},"line":35}},"branchMap":{"0":{"loc":{"start":{"line":25,"column":18},"end":{"line":25,"column":27}},"type":"default-arg","locations":[{"start":{"line":25,"column":25},"end":{"line":25,"column":27}}],"line":25}},"s":{"0":1,"1":0,"2":0,"3":1,"4":0,"5":0,"6":0,"7":0,"8":0,"9":0,"10":0,"11":0,"12":0,"13":0,"14":0},"f":{"0":0,"1":0,"2":0,"3":0},"b":{"0":[0]},"_coverageSchema":"1a1c01bbd47fc00a2c39e90264f33305004495a9","hash":"2143c12d74abbff1bde7fe8b31186509d9192fcc"}
,"/Users/virginiamesa/Documents/my_career/testing-fe/testing-heroes/src/auth/context/authReducer.js": {"path":"/Users/virginiamesa/Documents/my_career/testing-fe/testing-heroes/src/auth/context/authReducer.js","statementMap":{"0":{"start":{"line":3,"column":27},"end":{"line":24,"column":1}},"1":{"start":{"line":6,"column":4},"end":{"line":22,"column":5}},"2":{"start":{"line":9,"column":12},"end":{"line":13,"column":14}},"3":{"start":{"line":16,"column":12},"end":{"line":18,"column":14}},"4":{"start":{"line":21,"column":12},"end":{"line":21,"column":25}}},"fnMap":{"0":{"name":"(anonymous_0)","decl":{"start":{"line":3,"column":27},"end":{"line":3,"column":28}},"loc":{"start":{"line":3,"column":53},"end":{"line":24,"column":1}},"line":3}},"branchMap":{"0":{"loc":{"start":{"line":3,"column":29},"end":{"line":3,"column":39}},"type":"default-arg","locations":[{"start":{"line":3,"column":37},"end":{"line":3,"column":39}}],"line":3},"1":{"loc":{"start":{"line":6,"column":4},"end":{"line":22,"column":5}},"type":"switch","locations":[{"start":{"line":8,"column":8},"end":{"line":13,"column":14}},{"start":{"line":15,"column":8},"end":{"line":18,"column":14}},{"start":{"line":20,"column":8},"end":{"line":21,"column":25}}],"line":6}},"s":{"0":1,"1":0,"2":0,"3":0,"4":0},"f":{"0":0},"b":{"0":[0],"1":[0,0,0]},"_coverageSchema":"1a1c01bbd47fc00a2c39e90264f33305004495a9","hash":"37990f88e0c8aad31e35197c1c7cb18013d16047"}
,"/Users/virginiamesa/Documents/my_career/testing-fe/testing-heroes/src/auth/context/index.js": {"path":"/Users/virginiamesa/Documents/my_career/testing-fe/testing-heroes/src/auth/context/index.js","statementMap":{},"fnMap":{},"branchMap":{},"s":{},"f":{},"b":{},"_coverageSchema":"1a1c01bbd47fc00a2c39e90264f33305004495a9","hash":"ce8681d6ccac6cbe98fce6098569266f1b485858"}
,"/Users/virginiamesa/Documents/my_career/testing-fe/testing-heroes/src/auth/pages/LoginPage.jsx": {"path":"/Users/virginiamesa/Documents/my_career/testing-fe/testing-heroes/src/auth/pages/LoginPage.jsx","statementMap":{"0":{"start":{"line":5,"column":25},"end":{"line":35,"column":1}},"1":{"start":{"line":7,"column":20},"end":{"line":7,"column":45}},"2":{"start":{"line":8,"column":19},"end":{"line":8,"column":32}},"3":{"start":{"line":10,"column":18},"end":{"line":19,"column":3}},"4":{"start":{"line":12,"column":21},"end":{"line":12,"column":60}},"5":{"start":{"line":14,"column":4},"end":{"line":14,"column":32}},"6":{"start":{"line":16,"column":4},"end":{"line":18,"column":7}},"7":{"start":{"line":21,"column":2},"end":{"line":34,"column":3}}},"fnMap":{"0":{"name":"(anonymous_0)","decl":{"start":{"line":5,"column":25},"end":{"line":5,"column":26}},"loc":{"start":{"line":5,"column":31},"end":{"line":35,"column":1}},"line":5},"1":{"name":"(anonymous_1)","decl":{"start":{"line":10,"column":18},"end":{"line":10,"column":19}},"loc":{"start":{"line":10,"column":24},"end":{"line":19,"column":3}},"line":10}},"branchMap":{"0":{"loc":{"start":{"line":12,"column":21},"end":{"line":12,"column":60}},"type":"binary-expr","locations":[{"start":{"line":12,"column":21},"end":{"line":12,"column":53}},{"start":{"line":12,"column":57},"end":{"line":12,"column":60}}],"line":12}},"s":{"0":1,"1":1,"2":1,"3":1,"4":0,"5":0,"6":0,"7":1},"f":{"0":1,"1":0},"b":{"0":[0,0]},"_coverageSchema":"1a1c01bbd47fc00a2c39e90264f33305004495a9","hash":"7b5eeae9dadeed21d31c278c8f3c8cc9a35776d4"}
,"/Users/virginiamesa/Documents/my_career/testing-fe/testing-heroes/src/auth/pages/index.js": {"path":"/Users/virginiamesa/Documents/my_career/testing-fe/testing-heroes/src/auth/pages/index.js","statementMap":{},"fnMap":{},"branchMap":{},"s":{},"f":{},"b":{},"_coverageSchema":"1a1c01bbd47fc00a2c39e90264f33305004495a9","hash":"47a3d29771b5c73c5acc6f1ae9c3606084bc986e"}
,"/Users/virginiamesa/Documents/my_career/testing-fe/testing-heroes/src/auth/types/index.js": {"path":"/Users/virginiamesa/Documents/my_career/testing-fe/testing-heroes/src/auth/types/index.js","statementMap":{},"fnMap":{},"branchMap":{},"s":{},"f":{},"b":{},"_coverageSchema":"1a1c01bbd47fc00a2c39e90264f33305004495a9","hash":"9640e9373fdb927332a191db1635dc9b743818e9"}
,"/Users/virginiamesa/Documents/my_career/testing-fe/testing-heroes/src/auth/types/types.js": {"path":"/Users/virginiamesa/Documents/my_career/testing-fe/testing-heroes/src/auth/types/types.js","statementMap":{"0":{"start":{"line":3,"column":21},"end":{"line":6,"column":1}}},"fnMap":{},"branchMap":{},"s":{"0":1},"f":{},"b":{},"_coverageSchema":"1a1c01bbd47fc00a2c39e90264f33305004495a9","hash":"d0513a9626b78a3fd71d347bad45e7f893afede3"}
,"/Users/virginiamesa/Documents/my_career/testing-fe/testing-heroes/src/heroes/index.js": {"path":"/Users/virginiamesa/Documents/my_career/testing-fe/testing-heroes/src/heroes/index.js","statementMap":{},"fnMap":{},"branchMap":{},"s":{},"f":{},"b":{},"_coverageSchema":"1a1c01bbd47fc00a2c39e90264f33305004495a9","hash":"8d9496a30ebb8e4a1cc391b7125ff89e21581bdb"}
,"/Users/virginiamesa/Documents/my_career/testing-fe/testing-heroes/src/heroes/components/HeroCard.jsx": {"path":"/Users/virginiamesa/Documents/my_career/testing-fe/testing-heroes/src/heroes/components/HeroCard.jsx","statementMap":{"0":{"start":{"line":3,"column":25},"end":{"line":9,"column":1}},"1":{"start":{"line":6,"column":4},"end":{"line":8,"column":29}},"2":{"start":{"line":12,"column":24},"end":{"line":68,"column":1}},"3":{"start":{"line":21,"column":25},"end":{"line":21,"column":53}},"4":{"start":{"line":26,"column":4},"end":{"line":67,"column":5}}},"fnMap":{"0":{"name":"(anonymous_0)","decl":{"start":{"line":3,"column":25},"end":{"line":3,"column":26}},"loc":{"start":{"line":3,"column":55},"end":{"line":9,"column":1}},"line":3},"1":{"name":"(anonymous_1)","decl":{"start":{"line":12,"column":24},"end":{"line":12,"column":25}},"loc":{"start":{"line":19,"column":6},"end":{"line":68,"column":1}},"line":19}},"branchMap":{"0":{"loc":{"start":{"line":6,"column":11},"end":{"line":8,"column":28}},"type":"cond-expr","locations":[{"start":{"line":7,"column":7},"end":{"line":7,"column":12}},{"start":{"line":8,"column":7},"end":{"line":8,"column":28}}],"line":6}},"s":{"0":1,"1":10,"2":1,"3":10,"4":10},"f":{"0":10,"1":10},"b":{"0":[10,0]},"_coverageSchema":"1a1c01bbd47fc00a2c39e90264f33305004495a9","hash":"b472c04c00f1ef6ec4a08738aa2aa58787c04b39"}
,"/Users/virginiamesa/Documents/my_career/testing-fe/testing-heroes/src/heroes/components/HeroList.jsx": {"path":"/Users/virginiamesa/Documents/my_career/testing-fe/testing-heroes/src/heroes/components/HeroList.jsx","statementMap":{"0":{"start":{"line":6,"column":24},"end":{"line":22,"column":1}},"1":{"start":{"line":8,"column":19},"end":{"line":8,"column":83}},"2":{"start":{"line":8,"column":34},"end":{"line":8,"column":67}},"3":{"start":{"line":10,"column":4},"end":{"line":21,"column":5}},"4":{"start":{"line":14,"column":20},"end":{"line":17,"column":22}}},"fnMap":{"0":{"name":"(anonymous_0)","decl":{"start":{"line":6,"column":24},"end":{"line":6,"column":25}},"loc":{"start":{"line":6,"column":43},"end":{"line":22,"column":1}},"line":6},"1":{"name":"(anonymous_1)","decl":{"start":{"line":8,"column":28},"end":{"line":8,"column":29}},"loc":{"start":{"line":8,"column":34},"end":{"line":8,"column":67}},"line":8},"2":{"name":"(anonymous_2)","decl":{"start":{"line":13,"column":28},"end":{"line":13,"column":29}},"loc":{"start":{"line":14,"column":20},"end":{"line":17,"column":22}},"line":14}},"branchMap":{},"s":{"0":1,"1":1,"2":1,"3":1,"4":10},"f":{"0":1,"1":1,"2":10},"b":{},"_coverageSchema":"1a1c01bbd47fc00a2c39e90264f33305004495a9","hash":"ebfd64fb896d8053ebeedbcbef96124e28a47a29"}
,"/Users/virginiamesa/Documents/my_career/testing-fe/testing-heroes/src/heroes/components/index.js": {"path":"/Users/virginiamesa/Documents/my_career/testing-fe/testing-heroes/src/heroes/components/index.js","statementMap":{},"fnMap":{},"branchMap":{},"s":{},"f":{},"b":{},"_coverageSchema":"1a1c01bbd47fc00a2c39e90264f33305004495a9","hash":"b12b624155452cdb077c137107ea2a3e8726de87"}
,"/Users/virginiamesa/Documents/my_career/testing-fe/testing-heroes/src/heroes/data/heroes.js": {"path":"/Users/virginiamesa/Documents/my_career/testing-fe/testing-heroes/src/heroes/data/heroes.js","statementMap":{"0":{"start":{"line":1,"column":22},"end":{"line":162,"column":1}}},"fnMap":{},"branchMap":{},"s":{"0":1},"f":{},"b":{},"_coverageSchema":"1a1c01bbd47fc00a2c39e90264f33305004495a9","hash":"1aba5cfb9f4cba5bcae83ec18038b60f9b664cf4"}
,"/Users/virginiamesa/Documents/my_career/testing-fe/testing-heroes/src/heroes/helpers/getHeroById.js": {"path":"/Users/virginiamesa/Documents/my_career/testing-fe/testing-heroes/src/heroes/helpers/getHeroById.js","statementMap":{"0":{"start":{"line":4,"column":27},"end":{"line":7,"column":1}},"1":{"start":{"line":6,"column":4},"end":{"line":6,"column":49}},"2":{"start":{"line":6,"column":32},"end":{"line":6,"column":46}}},"fnMap":{"0":{"name":"(anonymous_0)","decl":{"start":{"line":4,"column":27},"end":{"line":4,"column":28}},"loc":{"start":{"line":4,"column":37},"end":{"line":7,"column":1}},"line":4},"1":{"name":"(anonymous_1)","decl":{"start":{"line":6,"column":24},"end":{"line":6,"column":25}},"loc":{"start":{"line":6,"column":32},"end":{"line":6,"column":46}},"line":6}},"branchMap":{},"s":{"0":1,"1":0,"2":0},"f":{"0":0,"1":0},"b":{},"_coverageSchema":"1a1c01bbd47fc00a2c39e90264f33305004495a9","hash":"e106d40ff0da6af485c00f68cc6df94d5e08a47d"}
,"/Users/virginiamesa/Documents/my_career/testing-fe/testing-heroes/src/heroes/helpers/getHeroesByName.js": {"path":"/Users/virginiamesa/Documents/my_career/testing-fe/testing-heroes/src/heroes/helpers/getHeroesByName.js","statementMap":{"0":{"start":{"line":4,"column":31},"end":{"line":14,"column":1}},"1":{"start":{"line":6,"column":4},"end":{"line":6,"column":43}},"2":{"start":{"line":8,"column":4},"end":{"line":8,"column":39}},"3":{"start":{"line":8,"column":29},"end":{"line":8,"column":39}},"4":{"start":{"line":10,"column":4},"end":{"line":12,"column":6}},"5":{"start":{"line":11,"column":16},"end":{"line":11,"column":67}}},"fnMap":{"0":{"name":"(anonymous_0)","decl":{"start":{"line":4,"column":31},"end":{"line":4,"column":32}},"loc":{"start":{"line":4,"column":48},"end":{"line":14,"column":1}},"line":4},"1":{"name":"(anonymous_1)","decl":{"start":{"line":11,"column":8},"end":{"line":11,"column":9}},"loc":{"start":{"line":11,"column":16},"end":{"line":11,"column":67}},"line":11}},"branchMap":{"0":{"loc":{"start":{"line":4,"column":33},"end":{"line":4,"column":42}},"type":"default-arg","locations":[{"start":{"line":4,"column":40},"end":{"line":4,"column":42}}],"line":4},"1":{"loc":{"start":{"line":8,"column":4},"end":{"line":8,"column":39}},"type":"if","locations":[{"start":{"line":8,"column":4},"end":{"line":8,"column":39}},{"start":{},"end":{}}],"line":8}},"s":{"0":1,"1":0,"2":0,"3":0,"4":0,"5":0},"f":{"0":0,"1":0},"b":{"0":[0],"1":[0,0]},"_coverageSchema":"1a1c01bbd47fc00a2c39e90264f33305004495a9","hash":"c6108a5766444b353021df37cceedcc55f7d32c5"}
,"/Users/virginiamesa/Documents/my_career/testing-fe/testing-heroes/src/heroes/helpers/getHeroesByPublisher.js": {"path":"/Users/virginiamesa/Documents/my_career/testing-fe/testing-heroes/src/heroes/helpers/getHeroesByPublisher.js","statementMap":{"0":{"start":{"line":4,"column":36},"end":{"line":12,"column":1}},"1":{"start":{"line":6,"column":28},"end":{"line":6,"column":57}},"2":{"start":{"line":7,"column":4},"end":{"line":9,"column":5}},"3":{"start":{"line":8,"column":8},"end":{"line":8,"column":67}},"4":{"start":{"line":11,"column":4},"end":{"line":11,"column":67}},"5":{"start":{"line":11,"column":35},"end":{"line":11,"column":64}}},"fnMap":{"0":{"name":"(anonymous_0)","decl":{"start":{"line":4,"column":36},"end":{"line":4,"column":37}},"loc":{"start":{"line":4,"column":52},"end":{"line":12,"column":1}},"line":4},"1":{"name":"(anonymous_1)","decl":{"start":{"line":11,"column":26},"end":{"line":11,"column":27}},"loc":{"start":{"line":11,"column":35},"end":{"line":11,"column":64}},"line":11}},"branchMap":{"0":{"loc":{"start":{"line":7,"column":4},"end":{"line":9,"column":5}},"type":"if","locations":[{"start":{"line":7,"column":4},"end":{"line":9,"column":5}},{"start":{},"end":{}}],"line":7}},"s":{"0":1,"1":1,"2":1,"3":0,"4":1,"5":20},"f":{"0":1,"1":20},"b":{"0":[0,1]},"_coverageSchema":"1a1c01bbd47fc00a2c39e90264f33305004495a9","hash":"64bd9364aaee9d1944817a97f0a50d173a33c813"}
,"/Users/virginiamesa/Documents/my_career/testing-fe/testing-heroes/src/heroes/helpers/index.js": {"path":"/Users/virginiamesa/Documents/my_career/testing-fe/testing-heroes/src/heroes/helpers/index.js","statementMap":{},"fnMap":{},"branchMap":{},"s":{},"f":{},"b":{},"_coverageSchema":"1a1c01bbd47fc00a2c39e90264f33305004495a9","hash":"c69eb9bfa5da57acfa293d615c9254879e1a192f"}
,"/Users/virginiamesa/Documents/my_career/testing-fe/testing-heroes/src/heroes/pages/DcPage.jsx": {"path":"/Users/virginiamesa/Documents/my_career/testing-fe/testing-heroes/src/heroes/pages/DcPage.jsx","statementMap":{"0":{"start":{"line":4,"column":22},"end":{"line":13,"column":1}},"1":{"start":{"line":5,"column":2},"end":{"line":12,"column":3}}},"fnMap":{"0":{"name":"(anonymous_0)","decl":{"start":{"line":4,"column":22},"end":{"line":4,"column":23}},"loc":{"start":{"line":4,"column":28},"end":{"line":13,"column":1}},"line":4}},"branchMap":{},"s":{"0":1,"1":0},"f":{"0":0},"b":{},"_coverageSchema":"1a1c01bbd47fc00a2c39e90264f33305004495a9","hash":"aca1bd52c68740f6679fa4121128c26b6f904294"}
,"/Users/virginiamesa/Documents/my_career/testing-fe/testing-heroes/src/heroes/pages/HeroPage.jsx": {"path":"/Users/virginiamesa/Documents/my_career/testing-fe/testing-heroes/src/heroes/pages/HeroPage.jsx","statementMap":{"0":{"start":{"line":6,"column":24},"end":{"line":54,"column":1}},"1":{"start":{"line":8,"column":17},"end":{"line":8,"column":28}},"2":{"start":{"line":9,"column":19},"end":{"line":9,"column":32}},"3":{"start":{"line":11,"column":15},"end":{"line":11,"column":56}},"4":{"start":{"line":11,"column":30},"end":{"line":11,"column":47}},"5":{"start":{"line":13,"column":25},"end":{"line":15,"column":3}},"6":{"start":{"line":14,"column":4},"end":{"line":14,"column":17}},"7":{"start":{"line":18,"column":2},"end":{"line":20,"column":3}},"8":{"start":{"line":19,"column":4},"end":{"line":19,"column":36}},"9":{"start":{"line":22,"column":2},"end":{"line":53,"column":3}}},"fnMap":{"0":{"name":"(anonymous_0)","decl":{"start":{"line":6,"column":24},"end":{"line":6,"column":25}},"loc":{"start":{"line":6,"column":30},"end":{"line":54,"column":1}},"line":6},"1":{"name":"(anonymous_1)","decl":{"start":{"line":11,"column":24},"end":{"line":11,"column":25}},"loc":{"start":{"line":11,"column":30},"end":{"line":11,"column":47}},"line":11},"2":{"name":"(anonymous_2)","decl":{"start":{"line":13,"column":25},"end":{"line":13,"column":26}},"loc":{"start":{"line":13,"column":31},"end":{"line":15,"column":3}},"line":13}},"branchMap":{"0":{"loc":{"start":{"line":18,"column":2},"end":{"line":20,"column":3}},"type":"if","locations":[{"start":{"line":18,"column":2},"end":{"line":20,"column":3}},{"start":{},"end":{}}],"line":18}},"s":{"0":1,"1":0,"2":0,"3":0,"4":0,"5":0,"6":0,"7":0,"8":0,"9":0},"f":{"0":0,"1":0,"2":0},"b":{"0":[0,0]},"_coverageSchema":"1a1c01bbd47fc00a2c39e90264f33305004495a9","hash":"23aaf0ea902af609524445145e05f967fe64e9e8"}
,"/Users/virginiamesa/Documents/my_career/testing-fe/testing-heroes/src/heroes/pages/MarvelPage.jsx": {"path":"/Users/virginiamesa/Documents/my_career/testing-fe/testing-heroes/src/heroes/pages/MarvelPage.jsx","statementMap":{"0":{"start":{"line":3,"column":26},"end":{"line":13,"column":1}},"1":{"start":{"line":4,"column":2},"end":{"line":12,"column":3}}},"fnMap":{"0":{"name":"(anonymous_0)","decl":{"start":{"line":3,"column":26},"end":{"line":3,"column":27}},"loc":{"start":{"line":3,"column":32},"end":{"line":13,"column":1}},"line":3}},"branchMap":{},"s":{"0":1,"1":1},"f":{"0":1},"b":{},"_coverageSchema":"1a1c01bbd47fc00a2c39e90264f33305004495a9","hash":"2be05311a99749f230ea941d59a8eb5f2ba2eeb2"}
,"/Users/virginiamesa/Documents/my_career/testing-fe/testing-heroes/src/heroes/pages/SearchPage.jsx": {"path":"/Users/virginiamesa/Documents/my_career/testing-fe/testing-heroes/src/heroes/pages/SearchPage.jsx","statementMap":{"0":{"start":{"line":8,"column":26},"end":{"line":95,"column":1}},"1":{"start":{"line":10,"column":19},"end":{"line":10,"column":32}},"2":{"start":{"line":11,"column":19},"end":{"line":11,"column":32}},"3":{"start":{"line":13,"column":21},"end":{"line":13,"column":57}},"4":{"start":{"line":14,"column":17},"end":{"line":14,"column":35}},"5":{"start":{"line":16,"column":22},"end":{"line":16,"column":36}},"6":{"start":{"line":17,"column":21},"end":{"line":17,"column":58}},"7":{"start":{"line":20,"column":40},"end":{"line":22,"column":4}},"8":{"start":{"line":26,"column":25},"end":{"line":31,"column":3}},"9":{"start":{"line":27,"column":4},"end":{"line":27,"column":27}},"10":{"start":{"line":30,"column":4},"end":{"line":30,"column":35}},"11":{"start":{"line":34,"column":2},"end":{"line":94,"column":3}},"12":{"start":{"line":85,"column":16},"end":{"line":85,"column":55}}},"fnMap":{"0":{"name":"(anonymous_0)","decl":{"start":{"line":8,"column":26},"end":{"line":8,"column":27}},"loc":{"start":{"line":8,"column":32},"end":{"line":95,"column":1}},"line":8},"1":{"name":"(anonymous_1)","decl":{"start":{"line":26,"column":25},"end":{"line":26,"column":26}},"loc":{"start":{"line":26,"column":35},"end":{"line":31,"column":3}},"line":26},"2":{"name":"(anonymous_2)","decl":{"start":{"line":84,"column":26},"end":{"line":84,"column":27}},"loc":{"start":{"line":85,"column":16},"end":{"line":85,"column":55}},"line":85}},"branchMap":{"0":{"loc":{"start":{"line":13,"column":10},"end":{"line":13,"column":16}},"type":"default-arg","locations":[{"start":{"line":13,"column":14},"end":{"line":13,"column":16}}],"line":13},"1":{"loc":{"start":{"line":17,"column":21},"end":{"line":17,"column":58}},"type":"binary-expr","locations":[{"start":{"line":17,"column":22},"end":{"line":17,"column":34}},{"start":{"line":17,"column":39},"end":{"line":17,"column":58}}],"line":17},"2":{"loc":{"start":{"line":73,"column":34},"end":{"line":73,"column":58}},"type":"cond-expr","locations":[{"start":{"line":73,"column":47},"end":{"line":73,"column":49}},{"start":{"line":73,"column":52},"end":{"line":73,"column":58}}],"line":73},"3":{"loc":{"start":{"line":78,"column":34},"end":{"line":78,"column":57}},"type":"cond-expr","locations":[{"start":{"line":78,"column":46},"end":{"line":78,"column":48}},{"start":{"line":78,"column":51},"end":{"line":78,"column":57}}],"line":78}},"s":{"0":1,"1":0,"2":0,"3":0,"4":0,"5":0,"6":0,"7":0,"8":0,"9":0,"10":0,"11":0,"12":0},"f":{"0":0,"1":0,"2":0},"b":{"0":[0],"1":[0,0],"2":[0,0],"3":[0,0]},"_coverageSchema":"1a1c01bbd47fc00a2c39e90264f33305004495a9","hash":"e59bb854024cd28eaeb60e0ea20bf116f46a0caa"}
,"/Users/virginiamesa/Documents/my_career/testing-fe/testing-heroes/src/heroes/pages/index.js": {"path":"/Users/virginiamesa/Documents/my_career/testing-fe/testing-heroes/src/heroes/pages/index.js","statementMap":{},"fnMap":{},"branchMap":{},"s":{},"f":{},"b":{},"_coverageSchema":"1a1c01bbd47fc00a2c39e90264f33305004495a9","hash":"e4c1f13d695f94d3f601fc48396ed1318531fabe"}
,"/Users/virginiamesa/Documents/my_career/testing-fe/testing-heroes/src/heroes/routes/HeroesRoutes.jsx": {"path":"/Users/virginiamesa/Documents/my_career/testing-fe/testing-heroes/src/heroes/routes/HeroesRoutes.jsx","statementMap":{"0":{"start":{"line":5,"column":28},"end":{"line":27,"column":1}},"1":{"start":{"line":6,"column":2},"end":{"line":26,"column":3}}},"fnMap":{"0":{"name":"(anonymous_0)","decl":{"start":{"line":5,"column":28},"end":{"line":5,"column":29}},"loc":{"start":{"line":5,"column":34},"end":{"line":27,"column":1}},"line":5}},"branchMap":{},"s":{"0":1,"1":1},"f":{"0":1},"b":{},"_coverageSchema":"1a1c01bbd47fc00a2c39e90264f33305004495a9","hash":"f164509a26b5a4b7d6e588c88a8ca5522add41c6"}
,"/Users/virginiamesa/Documents/my_career/testing-fe/testing-heroes/src/hooks/useForm.js": {"path":"/Users/virginiamesa/Documents/my_career/testing-fe/testing-heroes/src/hooks/useForm.js","statementMap":{"0":{"start":{"line":3,"column":23},"end":{"line":25,"column":1}},"1":{"start":{"line":5,"column":40},"end":{"line":5,"column":63}},"2":{"start":{"line":7,"column":26},"end":{"line":13,"column":5}},"3":{"start":{"line":8,"column":32},"end":{"line":8,"column":38}},"4":{"start":{"line":9,"column":8},"end":{"line":12,"column":11}},"5":{"start":{"line":15,"column":24},"end":{"line":17,"column":5}},"6":{"start":{"line":16,"column":8},"end":{"line":16,"column":36}},"7":{"start":{"line":19,"column":4},"end":{"line":24,"column":5}}},"fnMap":{"0":{"name":"(anonymous_0)","decl":{"start":{"line":3,"column":23},"end":{"line":3,"column":24}},"loc":{"start":{"line":3,"column":47},"end":{"line":25,"column":1}},"line":3},"1":{"name":"(anonymous_1)","decl":{"start":{"line":7,"column":26},"end":{"line":7,"column":27}},"loc":{"start":{"line":7,"column":42},"end":{"line":13,"column":5}},"line":7},"2":{"name":"(anonymous_2)","decl":{"start":{"line":15,"column":24},"end":{"line":15,"column":25}},"loc":{"start":{"line":15,"column":30},"end":{"line":17,"column":5}},"line":15}},"branchMap":{"0":{"loc":{"start":{"line":3,"column":25},"end":{"line":3,"column":41}},"type":"default-arg","locations":[{"start":{"line":3,"column":39},"end":{"line":3,"column":41}}],"line":3}},"s":{"0":1,"1":0,"2":0,"3":0,"4":0,"5":0,"6":0,"7":0},"f":{"0":0,"1":0,"2":0},"b":{"0":[0]},"_coverageSchema":"1a1c01bbd47fc00a2c39e90264f33305004495a9","hash":"8a0da9d10f8ef057e7cb346a154de97a6d3e0963"}
,"/Users/virginiamesa/Documents/my_career/testing-fe/testing-heroes/src/router/AppRouter.jsx": {"path":"/Users/virginiamesa/Documents/my_career/testing-fe/testing-heroes/src/router/AppRouter.jsx","statementMap":{"0":{"start":{"line":10,"column":25},"end":{"line":42,"column":1}},"1":{"start":{"line":11,"column":2},"end":{"line":41,"column":3}}},"fnMap":{"0":{"name":"(anonymous_0)","decl":{"start":{"line":10,"column":25},"end":{"line":10,"column":26}},"loc":{"start":{"line":10,"column":31},"end":{"line":42,"column":1}},"line":10}},"branchMap":{},"s":{"0":1,"1":2},"f":{"0":2},"b":{},"_coverageSchema":"1a1c01bbd47fc00a2c39e90264f33305004495a9","hash":"3df63803ab731bba61a74e66244cfb1211418a53"}
,"/Users/virginiamesa/Documents/my_career/testing-fe/testing-heroes/src/router/PrivateRoute.jsx": {"path":"/Users/virginiamesa/Documents/my_career/testing-fe/testing-heroes/src/router/PrivateRoute.jsx","statementMap":{"0":{"start":{"line":7,"column":28},"end":{"line":19,"column":1}},"1":{"start":{"line":9,"column":23},"end":{"line":9,"column":48}},"2":{"start":{"line":10,"column":33},"end":{"line":10,"column":46}},"3":{"start":{"line":12,"column":21},"end":{"line":12,"column":38}},"4":{"start":{"line":13,"column":4},"end":{"line":13,"column":48}},"5":{"start":{"line":16,"column":4},"end":{"line":18,"column":34}}},"fnMap":{"0":{"name":"(anonymous_0)","decl":{"start":{"line":7,"column":28},"end":{"line":7,"column":29}},"loc":{"start":{"line":7,"column":46},"end":{"line":19,"column":1}},"line":7}},"branchMap":{"0":{"loc":{"start":{"line":16,"column":11},"end":{"line":18,"column":34}},"type":"cond-expr","locations":[{"start":{"line":17,"column":10},"end":{"line":17,"column":18}},{"start":{"line":18,"column":10},"end":{"line":18,"column":34}}],"line":16}},"s":{"0":1,"1":2,"2":2,"3":2,"4":2,"5":2},"f":{"0":2},"b":{"0":[1,1]},"_coverageSchema":"1a1c01bbd47fc00a2c39e90264f33305004495a9","hash":"a4fdef596dd05667e37ebd81618428e6a40c465b"}
,"/Users/virginiamesa/Documents/my_career/testing-fe/testing-heroes/src/router/PublicRoute.jsx": {"path":"/Users/virginiamesa/Documents/my_career/testing-fe/testing-heroes/src/router/PublicRoute.jsx","statementMap":{"0":{"start":{"line":7,"column":27},"end":{"line":14,"column":1}},"1":{"start":{"line":9,"column":23},"end":{"line":9,"column":48}},"2":{"start":{"line":11,"column":4},"end":{"line":13,"column":35}}},"fnMap":{"0":{"name":"(anonymous_0)","decl":{"start":{"line":7,"column":27},"end":{"line":7,"column":28}},"loc":{"start":{"line":7,"column":45},"end":{"line":14,"column":1}},"line":7}},"branchMap":{"0":{"loc":{"start":{"line":11,"column":11},"end":{"line":13,"column":35}},"type":"cond-expr","locations":[{"start":{"line":12,"column":10},"end":{"line":12,"column":18}},{"start":{"line":13,"column":10},"end":{"line":13,"column":35}}],"line":11}},"s":{"0":1,"1":2,"2":2},"f":{"0":2},"b":{"0":[1,1]},"_coverageSchema":"1a1c01bbd47fc00a2c39e90264f33305004495a9","hash":"edc2dc0c744167bdeb38d54e411de427a924f7ab"}
,"/Users/virginiamesa/Documents/my_career/testing-fe/testing-heroes/src/ui/index.js": {"path":"/Users/virginiamesa/Documents/my_career/testing-fe/testing-heroes/src/ui/index.js","statementMap":{},"fnMap":{},"branchMap":{},"s":{},"f":{},"b":{},"_coverageSchema":"1a1c01bbd47fc00a2c39e90264f33305004495a9","hash":"c59ae22274a5b695b4a73156e59d49a2a928ced2"}
,"/Users/virginiamesa/Documents/my_career/testing-fe/testing-heroes/src/ui/components/Navbar.jsx": {"path":"/Users/virginiamesa/Documents/my_career/testing-fe/testing-heroes/src/ui/components/Navbar.jsx","statementMap":{"0":{"start":{"line":6,"column":22},"end":{"line":74,"column":1}},"1":{"start":{"line":8,"column":29},"end":{"line":8,"column":54}},"2":{"start":{"line":11,"column":21},"end":{"line":11,"column":34}},"3":{"start":{"line":13,"column":21},"end":{"line":18,"column":5}},"4":{"start":{"line":14,"column":8},"end":{"line":14,"column":17}},"5":{"start":{"line":15,"column":8},"end":{"line":17,"column":11}},"6":{"start":{"line":20,"column":4},"end":{"line":73,"column":5}},"7":{"start":{"line":34,"column":52},"end":{"line":34,"column":100}},"8":{"start":{"line":41,"column":52},"end":{"line":41,"column":100}},"9":{"start":{"line":48,"column":52},"end":{"line":48,"column":100}}},"fnMap":{"0":{"name":"(anonymous_0)","decl":{"start":{"line":6,"column":22},"end":{"line":6,"column":23}},"loc":{"start":{"line":6,"column":28},"end":{"line":74,"column":1}},"line":6},"1":{"name":"(anonymous_1)","decl":{"start":{"line":13,"column":21},"end":{"line":13,"column":22}},"loc":{"start":{"line":13,"column":27},"end":{"line":18,"column":5}},"line":13},"2":{"name":"(anonymous_2)","decl":{"start":{"line":34,"column":36},"end":{"line":34,"column":37}},"loc":{"start":{"line":34,"column":52},"end":{"line":34,"column":100}},"line":34},"3":{"name":"(anonymous_3)","decl":{"start":{"line":41,"column":36},"end":{"line":41,"column":37}},"loc":{"start":{"line":41,"column":52},"end":{"line":41,"column":100}},"line":41},"4":{"name":"(anonymous_4)","decl":{"start":{"line":48,"column":36},"end":{"line":48,"column":37}},"loc":{"start":{"line":48,"column":52},"end":{"line":48,"column":100}},"line":48}},"branchMap":{"0":{"loc":{"start":{"line":34,"column":75},"end":{"line":34,"column":97}},"type":"cond-expr","locations":[{"start":{"line":34,"column":86},"end":{"line":34,"column":94}},{"start":{"line":34,"column":95},"end":{"line":34,"column":97}}],"line":34},"1":{"loc":{"start":{"line":41,"column":75},"end":{"line":41,"column":97}},"type":"cond-expr","locations":[{"start":{"line":41,"column":86},"end":{"line":41,"column":94}},{"start":{"line":41,"column":95},"end":{"line":41,"column":97}}],"line":41},"2":{"loc":{"start":{"line":48,"column":75},"end":{"line":48,"column":97}},"type":"cond-expr","locations":[{"start":{"line":48,"column":86},"end":{"line":48,"column":94}},{"start":{"line":48,"column":95},"end":{"line":48,"column":97}}],"line":48}},"s":{"0":1,"1":1,"2":1,"3":1,"4":0,"5":0,"6":1,"7":1,"8":1,"9":1},"f":{"0":1,"1":0,"2":1,"3":1,"4":1},"b":{"0":[1,0],"1":[0,1],"2":[0,1]},"_coverageSchema":"1a1c01bbd47fc00a2c39e90264f33305004495a9","hash":"3218e074253e14052eed9954d2e49796985b694c"}
,"/Users/virginiamesa/Documents/my_career/testing-fe/testing-heroes/src/ui/components/index.js": {"path":"/Users/virginiamesa/Documents/my_career/testing-fe/testing-heroes/src/ui/components/index.js","statementMap":{},"fnMap":{},"branchMap":{},"s":{},"f":{},"b":{},"_coverageSchema":"1a1c01bbd47fc00a2c39e90264f33305004495a9","hash":"ac7f290383ed27abf9cb5268bc93e71ee64d9a63"}
}
