{"/Users/virginiamesa/Documents/my_career/testing-fe/testing-heroes/src/heroes/components/HeroCard.jsx": {"path":"/Users/virginiamesa/Documents/my_career/testing-fe/testing-heroes/src/heroes/components/HeroCard.jsx","statementMap":{"0":{"start":{"line":3,"column":25},"end":{"line":9,"column":1}},"1":{"start":{"line":6,"column":4},"end":{"line":8,"column":29}},"2":{"start":{"line":12,"column":24},"end":{"line":68,"column":1}},"3":{"start":{"line":21,"column":25},"end":{"line":21,"column":53}},"4":{"start":{"line":26,"column":4},"end":{"line":67,"column":5}}},"fnMap":{"0":{"name":"(anonymous_0)","decl":{"start":{"line":3,"column":25},"end":{"line":3,"column":26}},"loc":{"start":{"line":3,"column":55},"end":{"line":9,"column":1}},"line":3},"1":{"name":"(anonymous_1)","decl":{"start":{"line":12,"column":24},"end":{"line":12,"column":25}},"loc":{"start":{"line":19,"column":6},"end":{"line":68,"column":1}},"line":19}},"branchMap":{"0":{"loc":{"start":{"line":6,"column":11},"end":{"line":8,"column":28}},"type":"cond-expr","locations":[{"start":{"line":7,"column":7},"end":{"line":7,"column":12}},{"start":{"line":8,"column":7},"end":{"line":8,"column":28}}],"line":6}},"s":{"0":1,"1":1,"2":1,"3":1,"4":1},"f":{"0":1,"1":1},"b":{"0":[1,0]},"_coverageSchema":"1a1c01bbd47fc00a2c39e90264f33305004495a9","hash":"b472c04c00f1ef6ec4a08738aa2aa58787c04b39"}
,"/Users/virginiamesa/Documents/my_career/testing-fe/testing-heroes/src/heroes/components/HeroList.jsx": {"path":"/Users/virginiamesa/Documents/my_career/testing-fe/testing-heroes/src/heroes/components/HeroList.jsx","statementMap":{"0":{"start":{"line":6,"column":24},"end":{"line":22,"column":1}},"1":{"start":{"line":8,"column":19},"end":{"line":8,"column":83}},"2":{"start":{"line":8,"column":34},"end":{"line":8,"column":67}},"3":{"start":{"line":10,"column":4},"end":{"line":21,"column":5}},"4":{"start":{"line":14,"column":20},"end":{"line":17,"column":22}}},"fnMap":{"0":{"name":"(anonymous_0)","decl":{"start":{"line":6,"column":24},"end":{"line":6,"column":25}},"loc":{"start":{"line":6,"column":43},"end":{"line":22,"column":1}},"line":6},"1":{"name":"(anonymous_1)","decl":{"start":{"line":8,"column":28},"end":{"line":8,"column":29}},"loc":{"start":{"line":8,"column":34},"end":{"line":8,"column":67}},"line":8},"2":{"name":"(anonymous_2)","decl":{"start":{"line":13,"column":28},"end":{"line":13,"column":29}},"loc":{"start":{"line":14,"column":20},"end":{"line":17,"column":22}},"line":14}},"branchMap":{},"s":{"0":1,"1":0,"2":0,"3":0,"4":0},"f":{"0":0,"1":0,"2":0},"b":{},"_coverageSchema":"1a1c01bbd47fc00a2c39e90264f33305004495a9","hash":"ebfd64fb896d8053ebeedbcbef96124e28a47a29"}
,"/Users/virginiamesa/Documents/my_career/testing-fe/testing-heroes/src/heroes/components/index.js": {"path":"/Users/virginiamesa/Documents/my_career/testing-fe/testing-heroes/src/heroes/components/index.js","statementMap":{},"fnMap":{},"branchMap":{},"s":{},"f":{},"b":{},"_coverageSchema":"1a1c01bbd47fc00a2c39e90264f33305004495a9","hash":"b12b624155452cdb077c137107ea2a3e8726de87"}
,"/Users/virginiamesa/Documents/my_career/testing-fe/testing-heroes/src/heroes/data/heroes.js": {"path":"/Users/virginiamesa/Documents/my_career/testing-fe/testing-heroes/src/heroes/data/heroes.js","statementMap":{"0":{"start":{"line":1,"column":22},"end":{"line":162,"column":1}}},"fnMap":{},"branchMap":{},"s":{"0":1},"f":{},"b":{},"_coverageSchema":"1a1c01bbd47fc00a2c39e90264f33305004495a9","hash":"1aba5cfb9f4cba5bcae83ec18038b60f9b664cf4"}
,"/Users/virginiamesa/Documents/my_career/testing-fe/testing-heroes/src/heroes/helpers/getHeroById.js": {"path":"/Users/virginiamesa/Documents/my_career/testing-fe/testing-heroes/src/heroes/helpers/getHeroById.js","statementMap":{"0":{"start":{"line":4,"column":27},"end":{"line":7,"column":1}},"1":{"start":{"line":6,"column":4},"end":{"line":6,"column":49}},"2":{"start":{"line":6,"column":32},"end":{"line":6,"column":46}}},"fnMap":{"0":{"name":"(anonymous_0)","decl":{"start":{"line":4,"column":27},"end":{"line":4,"column":28}},"loc":{"start":{"line":4,"column":37},"end":{"line":7,"column":1}},"line":4},"1":{"name":"(anonymous_1)","decl":{"start":{"line":6,"column":24},"end":{"line":6,"column":25}},"loc":{"start":{"line":6,"column":32},"end":{"line":6,"column":46}},"line":6}},"branchMap":{},"s":{"0":1,"1":0,"2":0},"f":{"0":0,"1":0},"b":{},"_coverageSchema":"1a1c01bbd47fc00a2c39e90264f33305004495a9","hash":"e106d40ff0da6af485c00f68cc6df94d5e08a47d"}
,"/Users/virginiamesa/Documents/my_career/testing-fe/testing-heroes/src/heroes/helpers/getHeroesByName.js": {"path":"/Users/virginiamesa/Documents/my_career/testing-fe/testing-heroes/src/heroes/helpers/getHeroesByName.js","statementMap":{"0":{"start":{"line":4,"column":31},"end":{"line":14,"column":1}},"1":{"start":{"line":6,"column":4},"end":{"line":6,"column":43}},"2":{"start":{"line":8,"column":4},"end":{"line":8,"column":39}},"3":{"start":{"line":8,"column":29},"end":{"line":8,"column":39}},"4":{"start":{"line":10,"column":4},"end":{"line":12,"column":6}},"5":{"start":{"line":11,"column":16},"end":{"line":11,"column":67}}},"fnMap":{"0":{"name":"(anonymous_0)","decl":{"start":{"line":4,"column":31},"end":{"line":4,"column":32}},"loc":{"start":{"line":4,"column":48},"end":{"line":14,"column":1}},"line":4},"1":{"name":"(anonymous_1)","decl":{"start":{"line":11,"column":8},"end":{"line":11,"column":9}},"loc":{"start":{"line":11,"column":16},"end":{"line":11,"column":67}},"line":11}},"branchMap":{"0":{"loc":{"start":{"line":4,"column":33},"end":{"line":4,"column":42}},"type":"default-arg","locations":[{"start":{"line":4,"column":40},"end":{"line":4,"column":42}}],"line":4},"1":{"loc":{"start":{"line":8,"column":4},"end":{"line":8,"column":39}},"type":"if","locations":[{"start":{"line":8,"column":4},"end":{"line":8,"column":39}},{"start":{},"end":{}}],"line":8}},"s":{"0":1,"1":2,"2":2,"3":1,"4":1,"5":20},"f":{"0":2,"1":20},"b":{"0":[0],"1":[1,1]},"_coverageSchema":"1a1c01bbd47fc00a2c39e90264f33305004495a9","hash":"c6108a5766444b353021df37cceedcc55f7d32c5"}
,"/Users/virginiamesa/Documents/my_career/testing-fe/testing-heroes/src/heroes/helpers/getHeroesByPublisher.js": {"path":"/Users/virginiamesa/Documents/my_career/testing-fe/testing-heroes/src/heroes/helpers/getHeroesByPublisher.js","statementMap":{"0":{"start":{"line":4,"column":36},"end":{"line":12,"column":1}},"1":{"start":{"line":6,"column":28},"end":{"line":6,"column":57}},"2":{"start":{"line":7,"column":4},"end":{"line":9,"column":5}},"3":{"start":{"line":8,"column":8},"end":{"line":8,"column":67}},"4":{"start":{"line":11,"column":4},"end":{"line":11,"column":67}},"5":{"start":{"line":11,"column":35},"end":{"line":11,"column":64}}},"fnMap":{"0":{"name":"(anonymous_0)","decl":{"start":{"line":4,"column":36},"end":{"line":4,"column":37}},"loc":{"start":{"line":4,"column":52},"end":{"line":12,"column":1}},"line":4},"1":{"name":"(anonymous_1)","decl":{"start":{"line":11,"column":26},"end":{"line":11,"column":27}},"loc":{"start":{"line":11,"column":35},"end":{"line":11,"column":64}},"line":11}},"branchMap":{"0":{"loc":{"start":{"line":7,"column":4},"end":{"line":9,"column":5}},"type":"if","locations":[{"start":{"line":7,"column":4},"end":{"line":9,"column":5}},{"start":{},"end":{}}],"line":7}},"s":{"0":1,"1":0,"2":0,"3":0,"4":0,"5":0},"f":{"0":0,"1":0},"b":{"0":[0,0]},"_coverageSchema":"1a1c01bbd47fc00a2c39e90264f33305004495a9","hash":"64bd9364aaee9d1944817a97f0a50d173a33c813"}
,"/Users/virginiamesa/Documents/my_career/testing-fe/testing-heroes/src/heroes/helpers/index.js": {"path":"/Users/virginiamesa/Documents/my_career/testing-fe/testing-heroes/src/heroes/helpers/index.js","statementMap":{},"fnMap":{},"branchMap":{},"s":{},"f":{},"b":{},"_coverageSchema":"1a1c01bbd47fc00a2c39e90264f33305004495a9","hash":"c69eb9bfa5da57acfa293d615c9254879e1a192f"}
,"/Users/virginiamesa/Documents/my_career/testing-fe/testing-heroes/src/heroes/pages/SearchPage.jsx": {"path":"/Users/virginiamesa/Documents/my_career/testing-fe/testing-heroes/src/heroes/pages/SearchPage.jsx","statementMap":{"0":{"start":{"line":8,"column":26},"end":{"line":95,"column":1}},"1":{"start":{"line":10,"column":19},"end":{"line":10,"column":32}},"2":{"start":{"line":11,"column":19},"end":{"line":11,"column":32}},"3":{"start":{"line":13,"column":21},"end":{"line":13,"column":57}},"4":{"start":{"line":14,"column":17},"end":{"line":14,"column":35}},"5":{"start":{"line":16,"column":22},"end":{"line":16,"column":36}},"6":{"start":{"line":17,"column":21},"end":{"line":17,"column":58}},"7":{"start":{"line":20,"column":40},"end":{"line":22,"column":4}},"8":{"start":{"line":26,"column":25},"end":{"line":31,"column":3}},"9":{"start":{"line":27,"column":4},"end":{"line":27,"column":27}},"10":{"start":{"line":30,"column":4},"end":{"line":30,"column":35}},"11":{"start":{"line":34,"column":2},"end":{"line":94,"column":3}},"12":{"start":{"line":85,"column":16},"end":{"line":85,"column":55}}},"fnMap":{"0":{"name":"(anonymous_0)","decl":{"start":{"line":8,"column":26},"end":{"line":8,"column":27}},"loc":{"start":{"line":8,"column":32},"end":{"line":95,"column":1}},"line":8},"1":{"name":"(anonymous_1)","decl":{"start":{"line":26,"column":25},"end":{"line":26,"column":26}},"loc":{"start":{"line":26,"column":35},"end":{"line":31,"column":3}},"line":26},"2":{"name":"(anonymous_2)","decl":{"start":{"line":84,"column":26},"end":{"line":84,"column":27}},"loc":{"start":{"line":85,"column":16},"end":{"line":85,"column":55}},"line":85}},"branchMap":{"0":{"loc":{"start":{"line":13,"column":10},"end":{"line":13,"column":16}},"type":"default-arg","locations":[{"start":{"line":13,"column":14},"end":{"line":13,"column":16}}],"line":13},"1":{"loc":{"start":{"line":17,"column":21},"end":{"line":17,"column":58}},"type":"binary-expr","locations":[{"start":{"line":17,"column":22},"end":{"line":17,"column":34}},{"start":{"line":17,"column":39},"end":{"line":17,"column":58}}],"line":17},"2":{"loc":{"start":{"line":73,"column":34},"end":{"line":73,"column":58}},"type":"cond-expr","locations":[{"start":{"line":73,"column":47},"end":{"line":73,"column":49}},{"start":{"line":73,"column":52},"end":{"line":73,"column":58}}],"line":73},"3":{"loc":{"start":{"line":78,"column":34},"end":{"line":78,"column":57}},"type":"cond-expr","locations":[{"start":{"line":78,"column":46},"end":{"line":78,"column":48}},{"start":{"line":78,"column":51},"end":{"line":78,"column":57}}],"line":78}},"s":{"0":1,"1":2,"2":2,"3":2,"4":2,"5":2,"6":2,"7":2,"8":2,"9":0,"10":0,"11":2,"12":1},"f":{"0":2,"1":0,"2":1},"b":{"0":[1],"1":[2,1],"2":[1,1],"3":[0,2]},"_coverageSchema":"1a1c01bbd47fc00a2c39e90264f33305004495a9","hash":"e59bb854024cd28eaeb60e0ea20bf116f46a0caa"}
,"/Users/virginiamesa/Documents/my_career/testing-fe/testing-heroes/src/hooks/useForm.js": {"path":"/Users/virginiamesa/Documents/my_career/testing-fe/testing-heroes/src/hooks/useForm.js","statementMap":{"0":{"start":{"line":3,"column":23},"end":{"line":25,"column":1}},"1":{"start":{"line":5,"column":40},"end":{"line":5,"column":63}},"2":{"start":{"line":7,"column":26},"end":{"line":13,"column":5}},"3":{"start":{"line":8,"column":32},"end":{"line":8,"column":38}},"4":{"start":{"line":9,"column":8},"end":{"line":12,"column":11}},"5":{"start":{"line":15,"column":24},"end":{"line":17,"column":5}},"6":{"start":{"line":16,"column":8},"end":{"line":16,"column":36}},"7":{"start":{"line":19,"column":4},"end":{"line":24,"column":5}}},"fnMap":{"0":{"name":"(anonymous_0)","decl":{"start":{"line":3,"column":23},"end":{"line":3,"column":24}},"loc":{"start":{"line":3,"column":47},"end":{"line":25,"column":1}},"line":3},"1":{"name":"(anonymous_1)","decl":{"start":{"line":7,"column":26},"end":{"line":7,"column":27}},"loc":{"start":{"line":7,"column":42},"end":{"line":13,"column":5}},"line":7},"2":{"name":"(anonymous_2)","decl":{"start":{"line":15,"column":24},"end":{"line":15,"column":25}},"loc":{"start":{"line":15,"column":30},"end":{"line":17,"column":5}},"line":15}},"branchMap":{"0":{"loc":{"start":{"line":3,"column":25},"end":{"line":3,"column":41}},"type":"default-arg","locations":[{"start":{"line":3,"column":39},"end":{"line":3,"column":41}}],"line":3}},"s":{"0":1,"1":2,"2":2,"3":0,"4":0,"5":2,"6":0,"7":2},"f":{"0":2,"1":0,"2":0},"b":{"0":[0]},"_coverageSchema":"1a1c01bbd47fc00a2c39e90264f33305004495a9","hash":"8a0da9d10f8ef057e7cb346a154de97a6d3e0963"}
}
