TN:
SF:src/heroes/components/HeroCard.jsx
FN:3,(anonymous_0)
FN:12,(anonymous_1)
FNF:2
FNH:2
FNDA:1,(anonymous_0)
FNDA:1,(anonymous_1)
DA:3,1
DA:6,1
DA:12,1
DA:21,1
DA:26,1
LF:5
LH:5
BRDA:6,0,0,1
BRDA:6,0,1,0
BRF:2
BRH:1
end_of_record
TN:
SF:src/heroes/components/HeroList.jsx
FN:6,(anonymous_0)
FN:8,(anonymous_1)
FN:13,(anonymous_2)
FNF:3
FNH:0
FNDA:0,(anonymous_0)
FNDA:0,(anonymous_1)
FNDA:0,(anonymous_2)
DA:6,1
DA:8,0
DA:10,0
DA:14,0
LF:4
LH:1
BRF:0
BRH:0
end_of_record
TN:
SF:src/heroes/components/index.js
FNF:0
FNH:0
LF:0
LH:0
BRF:0
BRH:0
end_of_record
TN:
SF:src/heroes/data/heroes.js
FNF:0
FNH:0
DA:1,1
LF:1
LH:1
BRF:0
BRH:0
end_of_record
TN:
SF:src/heroes/helpers/getHeroById.js
FN:4,(anonymous_0)
FN:6,(anonymous_1)
FNF:2
FNH:0
FNDA:0,(anonymous_0)
FNDA:0,(anonymous_1)
DA:4,1
DA:6,0
LF:2
LH:1
BRF:0
BRH:0
end_of_record
TN:
SF:src/heroes/helpers/getHeroesByName.js
FN:4,(anonymous_0)
FN:11,(anonymous_1)
FNF:2
FNH:2
FNDA:5,(anonymous_0)
FNDA:40,(anonymous_1)
DA:4,1
DA:6,5
DA:8,5
DA:10,2
DA:11,40
LF:5
LH:5
BRDA:4,0,0,0
BRDA:8,1,0,3
BRDA:8,1,1,2
BRF:3
BRH:2
end_of_record
TN:
SF:src/heroes/helpers/getHeroesByPublisher.js
FN:4,(anonymous_0)
FN:11,(anonymous_1)
FNF:2
FNH:0
FNDA:0,(anonymous_0)
FNDA:0,(anonymous_1)
DA:4,1
DA:6,0
DA:7,0
DA:8,0
DA:11,0
LF:5
LH:1
BRDA:7,0,0,0
BRDA:7,0,1,0
BRF:2
BRH:0
end_of_record
TN:
SF:src/heroes/helpers/index.js
FNF:0
FNH:0
LF:0
LH:0
BRF:0
BRH:0
end_of_record
TN:
SF:src/heroes/pages/SearchPage.jsx
FN:8,(anonymous_0)
FN:26,(anonymous_1)
FN:84,(anonymous_2)
FNF:3
FNH:3
FNDA:5,(anonymous_0)
FNDA:1,(anonymous_1)
FNDA:1,(anonymous_2)
DA:8,1
DA:10,5
DA:11,5
DA:13,5
DA:14,5
DA:16,5
DA:17,5
DA:20,5
DA:26,5
DA:27,1
DA:30,1
DA:34,5
DA:85,1
LF:13
LH:13
BRDA:13,0,0,3
BRDA:17,1,0,5
BRDA:17,1,1,2
BRDA:73,2,0,3
BRDA:73,2,1,2
BRDA:78,3,0,1
BRDA:78,3,1,4
BRF:7
BRH:7
end_of_record
TN:
SF:src/hooks/useForm.js
FN:3,(anonymous_0)
FN:7,(anonymous_1)
FN:15,(anonymous_2)
FNF:3
FNH:2
FNDA:5,(anonymous_0)
FNDA:1,(anonymous_1)
FNDA:0,(anonymous_2)
DA:3,1
DA:5,5
DA:7,5
DA:8,1
DA:9,1
DA:15,5
DA:16,0
DA:19,5
LF:8
LH:7
BRDA:3,0,0,0
BRF:1
BRH:0
end_of_record
